2025-05-03 11:34:20:INFO:****** Start Execution of test_title_verification Test Method ********
2025-05-03 11:34:25:INFO:Entered the URL
2025-05-03 11:34:29:INFO:Got the Title of the Text
2025-05-03 11:34:29:INFO:assertion for title passed
2025-05-03 11:34:30:INFO:****** Start Execution of test_valid_login Test Method ********
2025-05-03 11:34:37:INFO:Clicked on Login Link
2025-05-03 11:34:40:INFO:Entered Email Address
2025-05-03 11:34:40:INFO:Entered Password Address
2025-05-03 11:34:42:INFO:Clicked on Login Button
2025-05-03 11:34:44:INFO:Assertion for the email text Match is passed
2025-05-03 11:34:52:INFO:Clicking on Login Link
2025-05-03 11:34:56:INFO:Entering Email Address
2025-05-03 11:34:57:INFO:Entering password Address
2025-05-03 11:34:57:INFO:Going to click on Login Button
2025-05-03 11:35:00:INFO:ASSERTION PASSED
2025-05-04 01:05:20:INFO:****** Start Execution of test_title_verification Test Method ********
2025-05-04 01:05:24:INFO:Entered the URL
2025-05-04 01:05:28:INFO:Got the Title of the Text
2025-05-04 01:05:28:INFO:assertion for title passed
2025-05-04 01:05:30:INFO:****** Start Execution of test_valid_login Test Method ********
2025-05-04 01:05:34:INFO:Clicked on Login Link
2025-05-04 01:05:37:INFO:Entered Email Address
2025-05-04 01:05:37:INFO:Entered Password Address
2025-05-04 01:05:39:INFO:Clicked on Login Button
2025-05-04 01:05:41:INFO:Assertion for the email text Match is passed
2025-05-04 01:05:49:INFO:Clicking on Login Link
2025-05-04 01:05:54:INFO:Entering Email Address
2025-05-04 01:05:55:INFO:Entering password Address
2025-05-04 01:05:55:INFO:Going to click on Login Button
2025-05-04 01:05:59:INFO:ASSERTION PASSED
2025-05-04 01:06:16:INFO:****** Start Execution of test_title_verification Test Method ********
2025-05-04 01:06:20:INFO:Entered the URL
2025-05-04 01:06:24:INFO:Got the Title of the Text
2025-05-04 01:06:24:INFO:assertion for title passed
2025-05-04 01:06:28:INFO:****** Start Execution of test_valid_login Test Method ********
2025-05-04 01:06:33:INFO:Clicked on Login Link
2025-05-04 01:06:36:INFO:Entered Email Address
2025-05-04 01:06:36:INFO:Entered Password Address
2025-05-04 01:06:39:INFO:Clicked on Login Button
2025-05-04 01:06:41:INFO:Assertion for the email text Match is passed
2025-05-04 01:06:50:INFO:Clicking on Login Link
2025-05-04 01:06:55:INFO:Entering Email Address
2025-05-04 01:06:55:INFO:Entering password Address
2025-05-04 01:06:55:INFO:Going to click on Login Button
2025-05-04 01:06:59:INFO:ASSERTION PASSED
2025-05-04 01:08:36:INFO:****** Start Execution of test_valid_login Test Method ********
2025-05-04 01:08:36:INFO:****** Start Execution of test_title_verification Test Method ********
2025-05-04 01:08:40:INFO:Clicking on Login Link
2025-05-04 01:08:40:INFO:Clicked on Login Link
2025-05-04 01:08:43:INFO:Entered Email Address
2025-05-04 01:08:44:INFO:Entered Password Address
2025-05-04 01:08:44:INFO:Entering Email Address
2025-05-04 01:08:44:INFO:Got the Title of the Text
2025-05-04 01:08:44:INFO:assertion for title passed
2025-05-04 01:08:44:INFO:Entering password Address
2025-05-04 01:08:44:INFO:Going to click on Login Button
2025-05-04 01:08:45:INFO:Clicked on Login Button
2025-05-04 01:08:47:INFO:Assertion for the email text Match is passed
2025-05-04 01:08:47:INFO:ASSERTION PASSED
2025-05-04 01:11:27:INFO:****** Start Execution of test_title_verification Test Method ********
2025-05-04 01:11:31:INFO:Entered the URL
2025-05-04 01:11:35:INFO:Got the Title of the Text
2025-05-04 01:11:35:INFO:assertion for title passed
2025-05-04 01:11:37:INFO:****** Start Execution of test_valid_login Test Method ********
2025-05-04 01:11:42:INFO:Clicked on Login Link
2025-05-04 01:11:45:INFO:Entered Email Address
2025-05-04 01:11:45:INFO:Entered Password Address
2025-05-04 01:11:47:INFO:Clicked on Login Button
2025-05-04 01:11:49:INFO:Assertion for the email text Match is passed
2025-05-04 01:11:57:INFO:Clicking on Login Link
2025-05-04 01:12:01:INFO:Entering Email Address
2025-05-04 01:12:02:INFO:Entering password Address
2025-05-04 01:12:02:INFO:Going to click on Login Button
2025-05-04 01:12:04:INFO:ASSERTION PASSED
2025-05-04 01:24:50:INFO:****** Start Execution of test_title_verification Test Method ********
2025-05-04 01:24:53:INFO:Entered the URL
2025-05-04 01:24:57:INFO:Got the Title of the Text
2025-05-04 01:24:57:INFO:assertion for title passed
2025-05-04 01:24:59:INFO:****** Start Execution of test_valid_login Test Method ********
2025-05-04 01:25:03:INFO:Clicked on Login Link
2025-05-04 01:25:06:INFO:Entered Email Address
2025-05-04 01:25:06:INFO:Entered Password Address
2025-05-04 01:25:08:INFO:Clicked on Login Button
2025-05-04 01:25:10:INFO:Assertion for the email text Match is passed
2025-05-04 01:25:17:INFO:Clicking on Login Link
2025-05-04 01:25:21:INFO:Entering Email Address
2025-05-04 01:25:21:INFO:Entering password Address
2025-05-04 01:25:21:INFO:Going to click on Login Button
2025-05-04 01:25:24:INFO:ASSERTION PASSED
